\BOOKMARK [1][-]{section.1}{\376\377\000I\000n\000t\000r\000o\000d\000u\000c\000t\000i\000o\000n}{}% 1
\BOOKMARK [2][-]{subsection.1.1}{\376\377\000S\000t\000u\000d\000y\000\040\000C\000o\000n\000t\000e\000x\000t\000\040\000a\000n\000d\000\040\000M\000o\000t\000i\000v\000a\000t\000i\000o\000n}{section.1}% 2
\BOOKMARK [2][-]{subsection.1.2}{\376\377\000R\000e\000s\000e\000a\000r\000c\000h\000\040\000Q\000u\000e\000s\000t\000i\000o\000n\000s}{section.1}% 3
\BOOKMARK [1][-]{section.2}{\376\377\000M\000e\000t\000h\000o\000d\000s}{}% 4
\BOOKMARK [2][-]{subsection.2.1}{\376\377\000D\000a\000t\000a\000\040\000C\000o\000l\000l\000e\000c\000t\000i\000o\000n\000\040\000a\000n\000d\000\040\000M\000u\000l\000t\000i\000-\000M\000o\000d\000a\000l\000\040\000I\000n\000g\000e\000s\000t\000i\000o\000n}{section.2}% 5
\BOOKMARK [2][-]{subsection.2.2}{\376\377\000N\000L\000P\000\040\000P\000r\000o\000c\000e\000s\000s\000i\000n\000g\000\040\000a\000n\000d\000\040\000F\000e\000a\000t\000u\000r\000e\000\040\000E\000n\000g\000i\000n\000e\000e\000r\000i\000n\000g}{section.2}% 6
\BOOKMARK [2][-]{subsection.2.3}{\376\377\000E\000x\000p\000l\000o\000r\000a\000t\000o\000r\000y\000\040\000D\000a\000t\000a\000\040\000A\000n\000a\000l\000y\000s\000i\000s}{section.2}% 7
\BOOKMARK [2][-]{subsection.2.4}{\376\377\000L\000e\000a\000d\040\023\000L\000a\000g\000\040\000S\000i\000g\000n\000a\000l\000\040\000A\000n\000a\000l\000y\000s\000i\000s}{section.2}% 8
\BOOKMARK [2][-]{subsection.2.5}{\376\377\000P\000r\000e\000d\000i\000c\000t\000i\000v\000e\000\040\000M\000o\000d\000e\000l\000s}{section.2}% 9
\BOOKMARK [2][-]{subsection.2.6}{\376\377\000V\000a\000l\000i\000d\000a\000t\000i\000o\000n\000\040\000S\000t\000r\000a\000t\000e\000g\000y}{section.2}% 10
\BOOKMARK [1][-]{section.3}{\376\377\000R\000e\000s\000u\000l\000t\000s}{}% 11
\BOOKMARK [2][-]{subsection.3.1}{\376\377\000M\000u\000l\000t\000i\000-\000S\000i\000g\000n\000a\000l\000\040\000A\000n\000a\000l\000y\000s\000i\000s\000\040\000\050\000R\000Q\0003\000\051}{section.3}% 12
\BOOKMARK [2][-]{subsection.3.2}{\376\377\000M\000o\000d\000e\000l\000\040\000P\000e\000r\000f\000o\000r\000m\000a\000n\000c\000e}{section.3}% 13
\BOOKMARK [2][-]{subsection.3.3}{\376\377\000A\000r\000c\000h\000i\000t\000e\000c\000t\000u\000r\000e\000\040\000I\000n\000s\000i\000g\000h\000t\000s\000\040\000\050\000R\000Q\0002\000\051}{section.3}% 14
\BOOKMARK [1][-]{section.4}{\376\377\000C\000o\000n\000c\000l\000u\000s\000i\000o\000n}{}% 15
\BOOKMARK [2][-]{subsection.4.1}{\376\377\000P\000r\000a\000c\000t\000i\000c\000a\000l\000\040\000I\000m\000p\000l\000i\000c\000a\000t\000i\000o\000n\000s}{section.4}% 16
\BOOKMARK [2][-]{subsection.4.2}{\376\377\000L\000i\000m\000i\000t\000a\000t\000i\000o\000n\000s}{section.4}% 17
\BOOKMARK [2][-]{subsection.4.3}{\376\377\000F\000u\000t\000u\000r\000e\000\040\000W\000o\000r\000k}{section.4}% 18
\BOOKMARK [2][-]{subsection.4.4}{\376\377\000C\000o\000d\000e\000\040\000a\000n\000d\000\040\000D\000a\000t\000a\000\040\000A\000v\000a\000i\000l\000a\000b\000i\000l\000i\000t\000y}{section.4}% 19
\BOOKMARK [1][-]{section.5}{\376\377\000C\000o\000n\000t\000r\000i\000b\000u\000t\000i\000o\000n\000\040\000S\000t\000a\000t\000e\000m\000e\000n\000t}{}% 20
\BOOKMARK [1][-]{section*.29}{\376\377\000A\000p\000p\000e\000n\000d\000i\000c\000e\000s}{}% 21
\BOOKMARK [1][-]{appendix.1.A}{\376\377\000P\000e\000r\000-\000H\000o\000r\000i\000z\000o\000n\000\040\000S\000u\000r\000g\000e\000\040\000C\000l\000a\000s\000s\000i\000f\000i\000c\000a\000t\000i\000o\000n}{}% 22
\BOOKMARK [1][-]{appendix.1.B}{\376\377\000D\000e\000t\000a\000i\000l\000e\000d\000\040\000E\000v\000e\000n\000t\000\040\000S\000i\000g\000n\000a\000l\000\040\000A\000n\000a\000l\000y\000s\000i\000s}{}% 23
\BOOKMARK [1][-]{appendix.1.C}{\376\377\000E\000x\000t\000e\000n\000d\000e\000d\000\040\000L\000i\000m\000i\000t\000a\000t\000i\000o\000n\000s}{}% 24
\BOOKMARK [1][-]{appendix.1.D}{\376\377\000E\000n\000s\000e\000m\000b\000l\000e\000\040\000W\000e\000i\000g\000h\000t\000\040\000S\000c\000h\000e\000d\000u\000l\000e}{}% 25
\BOOKMARK [1][-]{appendix.1.E}{\376\377\000F\000u\000t\000u\000r\000e\000\040\000W\000o\000r\000k}{}% 26
\BOOKMARK [1][-]{appendix.1.F}{\376\377\000D\000a\000t\000a\000\040\000P\000i\000p\000e\000l\000i\000n\000e\000\040\000E\000n\000g\000i\000n\000e\000e\000r\000i\000n\000g\000\040\000D\000e\000t\000a\000i\000l\000s}{}% 27
\BOOKMARK [1][-]{appendix.1.G}{\376\377\000C\000l\000u\000s\000t\000e\000r\000\040\000Q\000u\000a\000l\000i\000t\000y\000\040\000A\000n\000a\000l\000y\000s\000i\000s}{}% 28
\BOOKMARK [1][-]{appendix.1.H}{\376\377\000F\0001\000-\000S\000c\000o\000r\000e\000\040\000T\000r\000a\000j\000e\000c\000t\000o\000r\000y\000\040\000A\000c\000r\000o\000s\000s\000\040\000F\000o\000r\000e\000c\000a\000s\000t\000\040\000H\000o\000r\000i\000z\000o\000n\000s}{}% 29
